  [1m[35m (611.3ms)[0m  [1m[35mCREATE DATABASE "todo_backend_development" ENCODING = 'unicode'[0m
  ↳ bin/rails:9
  [1m[35m (480.8ms)[0m  [1m[35mCREATE DATABASE "todo_backend_test" ENCODING = 'unicode'[0m
  ↳ bin/rails:9
  [1m[35m (0.5ms)[0m  [1m[35mCREATE DATABASE "todo_backend_development" ENCODING = 'unicode'[0m
  ↳ bin/rails:9
  [1m[35m (0.8ms)[0m  [1m[35mCREATE DATABASE "todo_backend_test" ENCODING = 'unicode'[0m
  ↳ bin/rails:9
  [1m[35m (26.5ms)[0m  [1m[35mCREATE TABLE "schema_migrations" ("version" character varying NOT NULL PRIMARY KEY)[0m
  ↳ bin/rails:9
  [1m[35m (10.4ms)[0m  [1m[35mCREATE TABLE "ar_internal_metadata" ("key" character varying NOT NULL PRIMARY KEY, "value" character varying, "created_at" timestamp NOT NULL, "updated_at" timestamp NOT NULL)[0m
  ↳ bin/rails:9
  [1m[35m (0.2ms)[0m  [1m[34mSELECT pg_try_advisory_lock(7068432963284855610)[0m
  ↳ bin/rails:9
  [1m[35m (0.5ms)[0m  [1m[34mSELECT "schema_migrations"."version" FROM "schema_migrations" ORDER BY "schema_migrations"."version" ASC[0m
  ↳ bin/rails:9
Migrating to CreateTodo (20210308213401)
  [1m[35m (0.2ms)[0m  [1m[35mBEGIN[0m
  ↳ bin/rails:9
  [1m[35m (12.1ms)[0m  [1m[35mCREATE TABLE "todos" ("id" bigserial primary key, "title" character varying, "body" character varying, "done" boolean, "created_at" timestamp NOT NULL, "updated_at" timestamp NOT NULL)[0m
  ↳ db/migrate/20210308213401_create_todo.rb:3
  [1m[36mActiveRecord::SchemaMigration Create (0.5ms)[0m  [1m[32mINSERT INTO "schema_migrations" ("version") VALUES ($1) RETURNING "version"[0m  [["version", "20210308213401"]]
  ↳ bin/rails:9
  [1m[35m (366.4ms)[0m  [1m[35mCOMMIT[0m
  ↳ bin/rails:9
  [1m[36mActiveRecord::InternalMetadata Load (0.3ms)[0m  [1m[34mSELECT  "ar_internal_metadata".* FROM "ar_internal_metadata" WHERE "ar_internal_metadata"."key" = $1 LIMIT $2[0m  [["key", "environment"], ["LIMIT", 1]]
  ↳ bin/rails:9
  [1m[35m (0.2ms)[0m  [1m[35mBEGIN[0m
  ↳ bin/rails:9
  [1m[36mActiveRecord::InternalMetadata Create (0.4ms)[0m  [1m[32mINSERT INTO "ar_internal_metadata" ("key", "value", "created_at", "updated_at") VALUES ($1, $2, $3, $4) RETURNING "key"[0m  [["key", "environment"], ["value", "development"], ["created_at", "2021-03-08 21:36:34.185626"], ["updated_at", "2021-03-08 21:36:34.185626"]]
  ↳ bin/rails:9
  [1m[35m (3.2ms)[0m  [1m[35mCOMMIT[0m
  ↳ bin/rails:9
  [1m[35m (0.3ms)[0m  [1m[34mSELECT pg_advisory_unlock(7068432963284855610)[0m
  ↳ bin/rails:9
  [1m[35m (0.3ms)[0m  [1m[34mSELECT "schema_migrations"."version" FROM "schema_migrations" ORDER BY "schema_migrations"."version" ASC[0m
  ↳ bin/rails:9
Started GET "/" for ::1 at 2021-03-08 17:15:53 -0500
  [1m[35m (0.6ms)[0m  [1m[34mSELECT "schema_migrations"."version" FROM "schema_migrations" ORDER BY "schema_migrations"."version" ASC[0m
  ↳ /home/yohanoh/.rbenv/versions/2.5.1/lib/ruby/gems/2.5.0/gems/activerecord-5.2.4.5/lib/active_record/log_subscriber.rb:98
Processing by StaticPagesController#root as HTML
  Rendering static_pages/root.html.erb within layouts/application
  Rendered static_pages/root.html.erb within layouts/application (1.4ms)
Started GET "/" for ::1 at 2021-03-08 17:15:57 -0500
Processing by StaticPagesController#root as HTML
  Rendering static_pages/root.html.erb within layouts/application
  Rendered static_pages/root.html.erb within layouts/application (0.3ms)
Completed 200 OK in 15313ms (Views: 15242.3ms | ActiveRecord: 0.0ms)


Completed 200 OK in 11678ms (Views: 11613.7ms | ActiveRecord: 0.0ms)


Started GET "/api/todos" for ::1 at 2021-03-08 17:18:35 -0500
Processing by Api::TodosController#index as JSON
Completed 500 Internal Server Error in 195ms (ActiveRecord: 0.0ms)



NameError - undefined local variable or method `current_user' for #<Api::TodosController:0x00007fecbd458538>:
  app/controllers/api/todos_controller.rb:4:in `index'

Started GET "/api/todos" for ::1 at 2021-03-08 17:22:43 -0500
Processing by Api::TodosController#index as JSON
Completed 500 Internal Server Error in 199ms (ActiveRecord: 0.0ms)



NameError - undefined local variable or method `current_user' for #<Api::TodosController:0x00007fecc02ecf20>:
  app/controllers/api/todos_controller.rb:4:in `index'

Started GET "/api/todos" for ::1 at 2021-03-08 17:23:57 -0500
Processing by Api::TodosController#index as JSON
Completed 500 Internal Server Error in 174ms (ActiveRecord: 0.0ms)



NameError - undefined local variable or method `current_user' for #<Api::TodosController:0x00007fecbe9decb8>:
  app/controllers/api/todos_controller.rb:4:in `index'

Started GET "/" for ::1 at 2021-03-08 17:25:28 -0500
  [1m[35m (0.4ms)[0m  [1m[34mSELECT "schema_migrations"."version" FROM "schema_migrations" ORDER BY "schema_migrations"."version" ASC[0m
  ↳ /home/yohanoh/.rbenv/versions/2.5.1/lib/ruby/gems/2.5.0/gems/activerecord-5.2.4.5/lib/active_record/log_subscriber.rb:98

ActionController::RoutingError - uninitialized constant ApplicationController:

Started POST "/__better_errors/4f4936c23cbafbeb/variables" for ::1 at 2021-03-08 17:25:28 -0500
Started POST "/__better_errors/4f4936c23cbafbeb/variables" for ::1 at 2021-03-08 17:25:35 -0500
Started GET "/" for ::1 at 2021-03-08 17:27:32 -0500
  [1m[35m (0.5ms)[0m  [1m[34mSELECT "schema_migrations"."version" FROM "schema_migrations" ORDER BY "schema_migrations"."version" ASC[0m
  ↳ /home/yohanoh/.rbenv/versions/2.5.1/lib/ruby/gems/2.5.0/gems/activerecord-5.2.4.5/lib/active_record/log_subscriber.rb:98

ActionController::RoutingError - uninitialized constant ApplicationController:

Started POST "/__better_errors/6f3c6cb2c32b094c/variables" for ::1 at 2021-03-08 17:27:32 -0500
Started GET "/" for ::1 at 2021-03-08 17:27:36 -0500

ActionController::RoutingError - uninitialized constant ApplicationController:

Started POST "/__better_errors/adc8553b3471a7db/variables" for ::1 at 2021-03-08 17:27:36 -0500
Started GET "/" for ::1 at 2021-03-08 17:27:42 -0500

ActionController::RoutingError - uninitialized constant ApplicationController:

Started POST "/__better_errors/cc62f0b15e4f8da4/variables" for ::1 at 2021-03-08 17:27:42 -0500
